Arguments: 
  C:\Program Files\nodejs\node.exe C:\Program Files (x86)\Yarn\bin\yarn.js install

PATH: 
  C:\Users\Erik Watson\Desktop\cmder\bin;C:\Users\Erik Watson\Desktop\cmder\vendor\bin;C:\Users\Erik Watson\Desktop\cmder\vendor\conemu-maximus5\ConEmu\Scripts;C:\Users\Erik Watson\Desktop\cmder\vendor\conemu-maximus5;C:\Users\Erik Watson\Desktop\cmder\vendor\conemu-maximus5\ConEmu;C:\WINDOWS\system32;C:\WINDOWS;C:\WINDOWS\System32\Wbem;C:\WINDOWS\System32\WindowsPowerShell\v1.0\;C:\Program Files\Microsoft VS Code\bin;C:\Program Files\dotnet\;C:\Program Files\nodejs\;C:\Program Files (x86)\Yarn\bin\;C:\Program Files\Git\cmd;C:\WINDOWS\System32\OpenSSH\;C:\HaxeToolkit\haxe\;C:\HaxeToolkit\neko;C:\Python27;C:\Ruby25-x64\bin;C:\Users\Erik Watson\AppData\Local\Microsoft\WindowsApps;C:\Users\Erik Watson\.dotnet\tools;C:\Users\Erik Watson\AppData\Roaming\npm;C:\Users\Erik Watson\AppData\Local\Yarn\bin;C:\Users\Erik Watson\AppData\Local\Microsoft\WindowsApps;C:\Program Files\Git\cmd;C:\Program Files\Git\mingw64\bin;C:\Program Files\Git\usr\bin;C:\Users\Erik Watson\Desktop\cmder

Yarn version: 
  1.9.4

Node version: 
  10.8.0

Platform: 
  win32 x64

Trace: 
  SyntaxError: C:\Users\Erik Watson\Documents\Projects\snowfall.js\package.json: Unexpected token } in JSON at position 666
      at JSON.parse (<anonymous>)
      at C:\Program Files (x86)\Yarn\lib\cli.js:1130:59
      at Generator.next (<anonymous>)
      at step (C:\Program Files (x86)\Yarn\lib\cli.js:92:30)
      at C:\Program Files (x86)\Yarn\lib\cli.js:103:13

npm manifest: 
  {
    "name": "@erikwatson/snowfall",
    "version": "1.0.0",
    "description": "Nice snow in a JS Canvas.",
    "main": "dist/snowfall.js",
    "repository": "git@github.com:championchap/SnowFall.js.git",
    "author": "Erik Watson <erik@erikwatson.me>",
    "license": "MIT",
    "scripts": {
      "build": "./node_modules/.bin/rollup -c rollup.config.js",
      "watch": "./node_modules/.bin/rollup -c rollup.config.js --watch"
    },
    "devDependencies": {
      "@babel/core": "^7.4.3",
      "@babel/preset-env": "^7.4.3",
      "babel-loader": "^8.0.5",
      "babel-plugin-external-helpers": "^6.22.0",
      "babel-preset-env": "^1.6.1",
      "install": "^0.12.2",
      "npm": "^6.9.0",
    },
    "dependencies": {
      "rm": "^0.1.8",
      "webpack": "^4.29.6",
      "webpack-cli": "^3.3.0"
    }
  }

yarn manifest: 
  No manifest

Lockfile: 
  No lockfile
